Using pre-set license
Built from '2020.2/release' branch; Version is '2020.2.2f1 (068178b99f32) revision 426360'; Using compiler version '192528614'; Build Type 'Release'
OS: 'Windows 10 Home; OS build 18363.1440; Version 1909; 64bit' Language: 'en' Physical Memory: 16227 MB
BatchMode: 1, IsHumanControllingUs: 0, StartBugReporterOnCrash: 0, Is64bit: 1, IsPro: 0

 COMMAND LINE ARGUMENTS:
C:\Program Files\Unity\Hub\Editor\2020.2.2f1\Editor\Unity.exe
-adb2
-batchMode
-noUpm
-name
AssetImportWorker0
-projectPath
C:/Users/elien/Desktop/FINAL_spaceinvaders
-logFile
Logs/AssetImportWorker0.log
-srvPort
52421
Successfully changed project path to: C:/Users/elien/Desktop/FINAL_spaceinvaders
C:/Users/elien/Desktop/FINAL_spaceinvaders
Using Asset Import Pipeline V2.
Refreshing native plugins compatible for Editor in 36.28 ms, found 1 plugins.
Preloading 0 native plugins for Editor in 0.00 ms.
Initialize engine version: 2020.2.2f1 (068178b99f32)
[Subsystems] Discovering subsystems at path C:/Program Files/Unity/Hub/Editor/2020.2.2f1/Editor/Data/Resources/UnitySubsystems
[Subsystems] Discovering subsystems at path C:/Users/elien/Desktop/FINAL_spaceinvaders/Assets
GfxDevice: creating device client; threaded=0
Direct3D:
    Version:  Direct3D 11.0 [level 11.1]
    Renderer: NVIDIA GeForce RTX 2060 (ID=0x1f11)
    Vendor:   
    VRAM:     5980 MB
    Driver:   27.21.14.6172
Initialize mono
Mono path[0] = 'C:/Program Files/Unity/Hub/Editor/2020.2.2f1/Editor/Data/Managed'
Mono path[1] = 'C:/Program Files/Unity/Hub/Editor/2020.2.2f1/Editor/Data/MonoBleedingEdge/lib/mono/unityjit'
Mono config path = 'C:/Program Files/Unity/Hub/Editor/2020.2.2f1/Editor/Data/MonoBleedingEdge/etc'
Using monoOptions --debugger-agent=transport=dt_socket,embedding=1,server=y,suspend=n,address=127.0.0.1:56916
Begin MonoManager ReloadAssembly
Registering precompiled unity dll's ...
Register platform support module: C:/Program Files/Unity/Hub/Editor/2020.2.2f1/Editor/Data/PlaybackEngines/WindowsStandaloneSupport/UnityEditor.WindowsStandalone.Extensions.dll
Registered in 0.001683 seconds.
Native extension for WindowsStandalone target not found
Refreshing native plugins compatible for Editor in 35.46 ms, found 1 plugins.
Preloading 0 native plugins for Editor in 0.00 ms.
Invoked RoslynAnalysisRunner static constructor.
RoslynAnalysisRunner will not be running.
RoslynAnalysisRunner has terminated.
Mono: successfully reloaded assembly
- Completed reload, in  1.030 seconds
Platform modules already initialized, skipping
Registering precompiled user dll's ...
Registered in 0.000963 seconds.
Begin MonoManager ReloadAssembly
Native extension for WindowsStandalone target not found
Refreshing native plugins compatible for Editor in 36.13 ms, found 1 plugins.
Preloading 0 native plugins for Editor in 0.00 ms.
Invoked RoslynAnalysisRunner static constructor.
RoslynAnalysisRunner will not be running.
RoslynAnalysisRunner has terminated.
Mono: successfully reloaded assembly
- Completed reload, in  0.921 seconds
Platform modules already initialized, skipping
========================================================================
Worker process is ready to serve import requests
Launched and connected shader compiler UnityShaderCompiler.exe after 0.05 seconds
Refreshing native plugins compatible for Editor in 0.36 ms, found 1 plugins.
Preloading 0 native plugins for Editor in 0.00 ms.
Unloading 1802 Unused Serialized files (Serialized files now loaded: 0)
System memory in use before: 84.6 MB.
System memory in use after: 84.5 MB.

Unloading 24 unused Assets to reduce memory usage. Loaded Objects now: 2245.
Total: 2.523000 ms (FindLiveObjects: 0.246200 ms CreateObjectMapping: 0.097600 ms MarkObjects: 1.974900 ms  DeleteObjects: 0.202500 ms)

========================================================================
Received Import Request.
  path: Assets/Scripts/Player.cs
  artifactKey: Guid(4cdcdc8f506968548b9b30cef6fdf27c) Importer(815301076,1909f56bfc062723c751e8b465ee728b)
Start importing Assets/Scripts/Player.cs using Guid(4cdcdc8f506968548b9b30cef6fdf27c) Importer(815301076,1909f56bfc062723c751e8b465ee728b)  -> (artifact id: '21112730b113950323bcd819f09807a1') in 0.031535 seconds
  Import took 0.034565 seconds .

========================================================================
Received Import Request.
  Time since last request: 8.371111 seconds.
  path: Assets/Scripts/Player.cs
  artifactKey: Guid(4cdcdc8f506968548b9b30cef6fdf27c) Importer(815301076,1909f56bfc062723c751e8b465ee728b)
Start importing Assets/Scripts/Player.cs using Guid(4cdcdc8f506968548b9b30cef6fdf27c) Importer(815301076,1909f56bfc062723c751e8b465ee728b)  -> (artifact id: '21112730b113950323bcd819f09807a1') in 0.003533 seconds
  Import took 0.006839 seconds .

========================================================================
Received Import Request.
  Time since last request: 52.326586 seconds.
  path: Assets/Scenes/Game.unity
  artifactKey: Guid(b10c833d892f8724fac69a0625a5f543) Importer(815301076,1909f56bfc062723c751e8b465ee728b)
Start importing Assets/Scenes/Game.unity using Guid(b10c833d892f8724fac69a0625a5f543) Importer(815301076,1909f56bfc062723c751e8b465ee728b)  -> (artifact id: '6bbfd5a1245757dd470d18021260805d') in 0.011640 seconds
  Import took 0.014970 seconds .

========================================================================
Received Import Request.
  Time since last request: 16.103201 seconds.
  path: Assets/Scenes/Credits.unity
  artifactKey: Guid(5a6a9397b0d7d7046b896ddaee9ed0e8) Importer(815301076,1909f56bfc062723c751e8b465ee728b)
Start importing Assets/Scenes/Credits.unity using Guid(5a6a9397b0d7d7046b896ddaee9ed0e8) Importer(815301076,1909f56bfc062723c751e8b465ee728b)  -> (artifact id: 'b238d7321e1f20c83691933a1e12a9af') in 0.010347 seconds
  Import took 0.013980 seconds .

========================================================================
Received Prepare
Registering precompiled user dll's ...
Registered in 0.000983 seconds.
Begin MonoManager ReloadAssembly
Native extension for WindowsStandalone target not found
Refreshing native plugins compatible for Editor in 0.39 ms, found 1 plugins.
Preloading 0 native plugins for Editor in 0.00 ms.
Invoked RoslynAnalysisRunner static constructor.
RoslynAnalysisRunner will not be running.
RoslynAnalysisRunner has terminated.
Mono: successfully reloaded assembly
- Completed reload, in  0.849 seconds
Platform modules already initialized, skipping
Refreshing native plugins compatible for Editor in 0.33 ms, found 1 plugins.
Preloading 0 native plugins for Editor in 0.00 ms.
Unloading 1797 Unused Serialized files (Serialized files now loaded: 0)
System memory in use before: 84.7 MB.
System memory in use after: 84.7 MB.

Unloading 12 unused Assets to reduce memory usage. Loaded Objects now: 2248.
Total: 2.912000 ms (FindLiveObjects: 0.251800 ms CreateObjectMapping: 0.099000 ms MarkObjects: 2.390600 ms  DeleteObjects: 0.168900 ms)

========================================================================
Received Import Request.
  Time since last request: 117.194171 seconds.
  path: Assets/Scripts/Timer.cs
  artifactKey: Guid(0f4728ed43830f24ea007eb3e72fb21a) Importer(815301076,1909f56bfc062723c751e8b465ee728b)
Start importing Assets/Scripts/Timer.cs using Guid(0f4728ed43830f24ea007eb3e72fb21a) Importer(815301076,1909f56bfc062723c751e8b465ee728b)  -> (artifact id: '85ea79243ed718aa8d339a2b9e179669') in 0.009113 seconds
  Import took 0.012132 seconds .

